# JRE version: OpenJDK Runtime Environment Microsoft-9388408 (17.0.11+9) (build 17.0.11+9-LTS)
# Java VM: OpenJDK 64-Bit Server VM Microsoft-9388408 (17.0.11+9-LTS, mixed mode, sharing, tiered, compressed oops, compressed class ptrs, g1 gc, windows-amd64)
GC Precious Log:
 CPUs: 8 total, 8 available
 Memory: 7915M
 Large Page Support: Disabled
 NUMA Support: Disabled
 Compressed Oops: Enabled (32-bit)
 Heap Region Size: 1M
 Heap Min Capacity: 8M
 Heap Initial Capacity: 124M
 Heap Max Capacity: 2G
 Pre-touch: Disabled
 Parallel Workers: 8
 Concurrent Workers: 2
 Concurrent Refinement Workers: 8
 Periodic GC: Disabled
Heap:
 garbage-first heap   total 362496K, used 174297K [0x0000000080000000, 0x0000000100000000)
  region size 1024K, 8 young (8192K), 8 survivors (8192K)
 Metaspace       used 124653K, committed 125568K, reserved 557056K
  class space    used 17695K, committed 18176K, reserved 425984K
GC Heap History (20 events):
Event: 20.439 GC heap after
{Heap after GC invocations=35 (full 0):
 garbage-first heap   total 355328K, used 107471K [0x0000000080000000, 0x0000000100000000)
  region size 1024K, 12 young (12288K), 12 survivors (12288K)
 Metaspace       used 97272K, committed 98112K, reserved 557056K
  class space    used 13751K, committed 14144K, reserved 425984K
}
Event: 20.501 GC heap before
{Heap before GC invocations=35 (full 0):
 garbage-first heap   total 355328K, used 112591K [0x0000000080000000, 0x0000000100000000)
  region size 1024K, 17 young (17408K), 12 survivors (12288K)
 Metaspace       used 97448K, committed 98240K, reserved 557056K
  class space    used 13777K, committed 14144K, reserved 425984K
}
Event: 20.514 GC heap after
{Heap after GC invocations=36 (full 0):
 garbage-first heap   total 355328K, used 107979K [0x0000000080000000, 0x0000000100000000)
  region size 1024K, 2 young (2048K), 2 survivors (2048K)
 Metaspace       used 97448K, committed 98240K, reserved 557056K
  class space    used 13777K, committed 14144K, reserved 425984K
}
Event: 23.172 GC heap before
{Heap before GC invocations=36 (full 0):
 garbage-first heap   total 355328K, used 277963K [0x0000000080000000, 0x0000000100000000)
  region size 1024K, 168 young (172032K), 2 survivors (2048K)
 Metaspace       used 99010K, committed 99840K, reserved 557056K
  class space    used 13945K, committed 14336K, reserved 425984K
}
Event: 23.184 GC heap after
{Heap after GC invocations=37 (full 0):
 garbage-first heap   total 355328K, used 117291K [0x0000000080000000, 0x0000000100000000)
  region size 1024K, 11 young (11264K), 11 survivors (11264K)
 Metaspace       used 99010K, committed 99840K, reserved 557056K
  class space    used 13945K, committed 14336K, reserved 425984K
}
Event: 25.491 GC heap before
{Heap before GC invocations=37 (full 0):
 garbage-first heap   total 355328K, used 280107K [0x0000000080000000, 0x0000000100000000)
  region size 1024K, 171 young (175104K), 11 survivors (11264K)
 Metaspace       used 101621K, committed 102528K, reserved 557056K
  class space    used 14239K, committed 14720K, reserved 425984K
}
Event: 25.505 GC heap after
{Heap after GC invocations=38 (full 0):
 garbage-first heap   total 355328K, used 125366K [0x0000000080000000, 0x0000000100000000)
  region size 1024K, 19 young (19456K), 19 survivors (19456K)
 Metaspace       used 101621K, committed 102528K, reserved 557056K
  class space    used 14239K, committed 14720K, reserved 425984K
}
Event: 38.399 GC heap before
{Heap before GC invocations=38 (full 0):
 garbage-first heap   total 355328K, used 291254K [0x0000000080000000, 0x0000000100000000)
  region size 1024K, 175 young (179200K), 19 survivors (19456K)
 Metaspace       used 108321K, committed 109248K, reserved 557056K
  class space    used 15097K, committed 15552K, reserved 425984K
}
Event: 38.459 GC heap after
{Heap after GC invocations=39 (full 0):
 garbage-first heap   total 355328K, used 139228K [0x0000000080000000, 0x0000000100000000)
  region size 1024K, 22 young (22528K), 22 survivors (22528K)
 Metaspace       used 108321K, committed 109248K, reserved 557056K
  class space    used 15097K, committed 15552K, reserved 425984K
}
Event: 40.751 GC heap before
{Heap before GC invocations=39 (full 0):
 garbage-first heap   total 355328K, used 303068K [0x0000000080000000, 0x0000000100000000)
  region size 1024K, 165 young (168960K), 22 survivors (22528K)
 Metaspace       used 122978K, committed 123968K, reserved 557056K
  class space    used 17482K, committed 17984K, reserved 425984K
}
Event: 40.782 GC heap after
{Heap after GC invocations=40 (full 0):
 garbage-first heap   total 355328K, used 146728K [0x0000000080000000, 0x0000000100000000)
  region size 1024K, 7 young (7168K), 7 survivors (7168K)
 Metaspace       used 122978K, committed 123968K, reserved 557056K
  class space    used 17482K, committed 17984K, reserved 425984K
}
Event: 41.262 GC heap before
{Heap before GC invocations=40 (full 0):
 garbage-first heap   total 355328K, used 206120K [0x0000000080000000, 0x0000000100000000)
  region size 1024K, 33 young (33792K), 7 survivors (7168K)
 Metaspace       used 124653K, committed 125568K, reserved 557056K
  class space    used 17695K, committed 18176K, reserved 425984K
}
Event: 41.275 GC heap after
{Heap after GC invocations=41 (full 0):
 garbage-first heap   total 355328K, used 170500K [0x0000000080000000, 0x0000000100000000)
  region size 1024K, 9 young (9216K), 9 survivors (9216K)
 Metaspace       used 124653K, committed 125568K, reserved 557056K
  class space    used 17695K, committed 18176K, reserved 425984K
}
Event: 41.312 GC heap before
{Heap before GC invocations=41 (full 0):
 garbage-first heap   total 355328K, used 207364K [0x0000000080000000, 0x0000000100000000)
  region size 1024K, 10 young (10240K), 9 survivors (9216K)
 Metaspace       used 124653K, committed 125568K, reserved 557056K
  class space    used 17695K, committed 18176K, reserved 425984K
}
Event: 41.319 GC heap after
{Heap after GC invocations=42 (full 0):
 garbage-first heap   total 355328K, used 174098K [0x0000000080000000, 0x0000000100000000)
  region size 1024K, 8 young (8192K), 8 survivors (8192K)
 Metaspace       used 124653K, committed 125568K, reserved 557056K
  class space    used 17695K, committed 18176K, reserved 425984K
}
Event: 41.335 GC heap before
{Heap before GC invocations=42 (full 0):
 garbage-first heap   total 355328K, used 190482K [0x0000000080000000, 0x0000000100000000)
  region size 1024K, 9 young (9216K), 8 survivors (8192K)
 Metaspace       used 124653K, committed 125568K, reserved 557056K
  class space    used 17695K, committed 18176K, reserved 425984K
}
Event: 41.343 GC heap after
{Heap after GC invocations=43 (full 0):
 garbage-first heap   total 355328K, used 174553K [0x0000000080000000, 0x0000000100000000)
  region size 1024K, 9 young (9216K), 9 survivors (9216K)
 Metaspace       used 124653K, committed 125568K, reserved 557056K
  class space    used 17695K, committed 18176K, reserved 425984K
}
Event: 41.354 GC heap before
{Heap before GC invocations=43 (full 0):
 garbage-first heap   total 355328K, used 186841K [0x0000000080000000, 0x0000000100000000)
  region size 1024K, 10 young (10240K), 9 survivors (9216K)
 Metaspace       used 124653K, committed 125568K, reserved 557056K
  class space    used 17695K, committed 18176K, reserved 425984K
}
Event: 41.363 GC heap after
{Heap after GC invocations=44 (full 0):
 garbage-first heap   total 355328K, used 174550K [0x0000000080000000, 0x0000000100000000)
  region size 1024K, 9 young (9216K), 9 survivors (9216K)
 Metaspace       used 124653K, committed 125568K, reserved 557056K
  class space    used 17695K, committed 18176K, reserved 425984K
}
Event: 41.372 GC heap before
{Heap before GC invocations=44 (full 0):
 garbage-first heap   total 355328K, used 182742K [0x0000000080000000, 0x0000000100000000)
  region size 1024K, 10 young (10240K), 9 survivors (9216K)
 Metaspace       used 124653K, committed 125568K, reserved 557056K
  class space    used 17695K, committed 18176K, reserved 425984K
}

